[debug] [2024-11-15T17:35:16.552Z] ----------------------------------------------------------------------
[debug] [2024-11-15T17:35:16.554Z] Command:       C:\Program Files\nodejs\node.exe C:\Users\Rendy Akbar Permana\AppData\Roaming\npm\node_modules\firebase-tools\lib\bin\firebase.js init
[debug] [2024-11-15T17:35:16.555Z] CLI Version:   13.25.0
[debug] [2024-11-15T17:35:16.555Z] Platform:      win32
[debug] [2024-11-15T17:35:16.555Z] Node Version:  v22.11.0
[debug] [2024-11-15T17:35:16.555Z] Time:          Sat Nov 16 2024 00:35:16 GMT+0700 (Western Indonesia Time)
[debug] [2024-11-15T17:35:16.555Z] ----------------------------------------------------------------------
[debug] 
[debug] [2024-11-15T17:35:16.607Z] > command requires scopes: ["email","openid","https://www.googleapis.com/auth/cloudplatformprojects.readonly","https://www.googleapis.com/auth/firebase","https://www.googleapis.com/auth/cloud-platform"]
[debug] [2024-11-15T17:35:16.607Z] > authorizing via signed-in user (rendyakbar762114@gmail.com)
[info] 
     ######## #### ########  ######## ########     ###     ######  ########
     ##        ##  ##     ## ##       ##     ##  ##   ##  ##       ##
     ######    ##  ########  ######   ########  #########  ######  ######
     ##        ##  ##    ##  ##       ##     ## ##     ##       ## ##
     ##       #### ##     ## ######## ########  ##     ##  ######  ########

You're about to initialize a Firebase project in this directory:

  D:\TA-Prak-PPB-main\TA-Prak-PPB-main

Before we get started, keep in mind:

  * You are initializing within an existing Firebase project directory

[info] 
=== Project Setup
[info] 
[info] First, let's associate this project directory with a Firebase project.
[info] You can create multiple project aliases by running firebase use --add, 
[info] but for now we'll just set up a default project.
[info] 
[debug] [2024-11-15T17:35:28.368Z] Checked if tokens are valid: true, expires at: 1731693997808
[debug] [2024-11-15T17:35:28.368Z] Checked if tokens are valid: true, expires at: 1731693997808
[debug] [2024-11-15T17:35:28.369Z] >>> [apiv2][query] GET https://firebase.googleapis.com/v1beta1/projects pageSize=100
[debug] [2024-11-15T17:35:29.111Z] <<< [apiv2][status] GET https://firebase.googleapis.com/v1beta1/projects 200
[debug] [2024-11-15T17:35:29.111Z] <<< [apiv2][body] GET https://firebase.googleapis.com/v1beta1/projects [omitted]
